<?xml version="1.0" encoding="UTF-8"?>
<testng-results ignored="0" total="1" passed="1" failed="0" skipped="0">
  <reporter-output>
  </reporter-output>
  <suite started-at="2025-10-24T14:57:18 IST" name="Suite" finished-at="2025-10-24T14:58:34 IST" duration-ms="76467">
    <groups>
    </groups>
    <test started-at="2025-10-24T14:57:18 IST" name="TextBox Tests" finished-at="2025-10-24T14:58:34 IST" duration-ms="76467">
      <class name="tests.TextBoxTest">
        <test-method is-config="true" signature="beforeSuite()[pri:0, instance:tests.TextBoxTest@3098cf3b]" started-at="2025-10-24T14:57:18 IST" name="beforeSuite" finished-at="2025-10-24T14:57:18 IST" duration-ms="18" status="PASS">
          <reporter-output>
          </reporter-output>
        </test-method> <!-- beforeSuite -->
        <test-method is-config="true" signature="beforeTest()[pri:0, instance:tests.TextBoxTest@3098cf3b]" started-at="2025-10-24T14:57:18 IST" name="beforeTest" finished-at="2025-10-24T14:57:18 IST" duration-ms="2" status="PASS">
          <reporter-output>
          </reporter-output>
        </test-method> <!-- beforeTest -->
        <test-method is-config="true" signature="beforeClass()[pri:0, instance:tests.TextBoxTest@3098cf3b]" started-at="2025-10-24T14:57:18 IST" name="beforeClass" finished-at="2025-10-24T14:57:18 IST" duration-ms="2" status="PASS">
          <reporter-output>
          </reporter-output>
        </test-method> <!-- beforeClass -->
        <test-method is-config="true" signature="setup()[pri:0, instance:tests.TextBoxTest@3098cf3b]" started-at="2025-10-24T14:57:18 IST" name="setup" finished-at="2025-10-24T14:57:53 IST" duration-ms="35583" status="PASS">
          <reporter-output>
          </reporter-output>
        </test-method> <!-- setup -->
        <test-method signature="testTextBoxForm()[pri:0, instance:tests.TextBoxTest@3098cf3b]" started-at="2025-10-24T14:57:53 IST" name="testTextBoxForm" description="Verify Text Box form submission" finished-at="2025-10-24T14:58:27 IST" duration-ms="33749" status="PASS">
          <reporter-output>
          </reporter-output>
        </test-method> <!-- testTextBoxForm -->
        <test-method is-config="true" signature="teardown()[pri:0, instance:tests.TextBoxTest@3098cf3b]" started-at="2025-10-24T14:58:27 IST" name="teardown" finished-at="2025-10-24T14:58:34 IST" duration-ms="6980" status="PASS">
          <reporter-output>
          </reporter-output>
        </test-method> <!-- teardown -->
        <test-method is-config="true" signature="afterClass()[pri:0, instance:tests.TextBoxTest@3098cf3b]" started-at="2025-10-24T14:58:34 IST" name="afterClass" finished-at="2025-10-24T14:58:34 IST" duration-ms="1" status="PASS">
          <reporter-output>
          </reporter-output>
        </test-method> <!-- afterClass -->
        <test-method is-config="true" signature="afterTest()[pri:0, instance:tests.TextBoxTest@3098cf3b]" started-at="2025-10-24T14:58:34 IST" name="afterTest" finished-at="2025-10-24T14:58:34 IST" duration-ms="1" status="PASS">
          <reporter-output>
          </reporter-output>
        </test-method> <!-- afterTest -->
        <test-method is-config="true" signature="afterSuite()[pri:0, instance:tests.TextBoxTest@3098cf3b]" started-at="2025-10-24T14:58:34 IST" name="afterSuite" finished-at="2025-10-24T14:58:34 IST" duration-ms="1" status="PASS">
          <reporter-output>
          </reporter-output>
        </test-method> <!-- afterSuite -->
      </class> <!-- tests.TextBoxTest -->
    </test> <!-- TextBox Tests -->
  </suite> <!-- Suite -->
</testng-results>
